<?xml version="1.0" encoding="utf-8" standalone="no"?>
<test-results xmlns:xsi="http://www.w3.org/2001/XMLSchema-instance" xsi:noNamespaceSchemaLocation="nunit_schema_2.5.xsd" name="Pester" total="1" errors="0" failures="1" not-run="0" inconclusive="0" ignored="0" skipped="0" invalid="0" date="2020-07-28" time="20:41:52">
  <environment machine-name="DESKTOP-MLP7JS2" cwd="C:\Users\simpl\OneDrive\Documents\GitHub\PowerShell\PesterLearning\Get-ADUserInfo" clr-version="Unknown" user-domain="DESKTOP-MLP7JS2" user="relaxe" platform="Microsoft Windows 10 Pro|C:\WINDOWS|\Device\Harddisk0\Partition4" os-version="10.0.19041" nunit-version="2.5.8.0" />
  <culture-info current-culture="en-US" current-uiculture="en-US" />
  <test-suite type="TestFixture" name="Pester" executed="True" result="Failure" success="False" time="0.1795" asserts="0" description="Pester">
    <results>
      <test-suite type="TestFixture" name="C:\Users\simpl\OneDrive\Documents\GitHub\PowerShell\PesterLearning\Get-ADUserInfo\Get-ADUserInfo.tests.ps1" executed="True" result="Failure" success="False" time="0.1795" asserts="0" description="C:\Users\simpl\OneDrive\Documents\GitHub\PowerShell\PesterLearning\Get-ADUserInfo\Get-ADUserInfo.tests.ps1">
        <results>
          <test-suite type="TestFixture" name="Get-ADuserInfo" executed="True" result="Failure" success="False" time="0.1599" asserts="0" description="Get-ADuserInfo">
            <results>
              <test-suite type="TestFixture" name="Get-ADuserInfo.When parameter  is used" executed="True" result="Failure" success="False" time="0.1095" asserts="0" description="Get-ADuserInfo.When parameter  is used">
                <results>
                  <test-case description="should return " name="Get-ADuserInfo.When parameter  is used.should return " time="0.0563" asserts="0" success="False" result="Failure" executed="True">
                    <failure>
                      <message>CommandNotFoundException: The term 'jenny' is not recognized as the name of a cmdlet, function, script file, or operable program.
Check the spelling of the name, or if a path was included, verify that the path is correct and try again.</message>
                      <stack-trace>at &lt;ScriptBlock&gt;, C:\Users\simpl\OneDrive\Documents\GitHub\PowerShell\PesterLearning\Get-ADUserInfo\Get-ADUserInfo.tests.ps1:6</stack-trace>
                    </failure>
                  </test-case>
                </results>
              </test-suite>
            </results>
          </test-suite>
        </results>
      </test-suite>
    </results>
  </test-suite>
</test-results>